10:17:51.563 [main] INFO  testCases.TC_004_VerifyingFourthNews - Starting the Test Case
10:17:51.964 [main] INFO  testCases.TC_004_VerifyingFourthNews - Clicking on Associate Info Icon
10:17:59.440 [main] INFO  testCases.TC_004_VerifyingFourthNews - Printing the Info To Console
10:17:59.441 [main] INFO  testCases.TC_004_VerifyingFourthNews - Finishing the Test Case
10:17:59.444 [main] INFO  testCases.TC_004_VerifyingFourthNews - Starting the Test Case
10:17:59.444 [main] INFO  testCases.TC_004_VerifyingFourthNews - Clicking on Share Button
10:17:59.711 [main] INFO  testCases.TC_004_VerifyingFourthNews - Printing the Info To Console
10:17:59.764 [main] INFO  testCases.TC_004_VerifyingFourthNews - Finishing the Test Case
10:17:59.767 [main] INFO  testCases.TC_004_VerifyingFourthNews - Starting the Test Case
10:18:04.788 [main] INFO  testCases.TC_004_VerifyingFourthNews - Validating the Views & Likes
10:18:04.914 [main] INFO  testCases.TC_004_VerifyingFourthNews - Finishing the Test Case
10:18:04.916 [main] INFO  testCases.TC_004_VerifyingFourthNews - Starting the Test Case
10:18:04.930 [main] INFO  testCases.TC_004_VerifyingFourthNews - Validating the Links
10:18:16.889 [main] INFO  testCases.TC_004_VerifyingFourthNews - Finishing the Test Case
10:18:16.895 [main] DEBUG org.apache.poi.openxml4j.opc.PackageRelationshipCollection - Parsing relationship: /xl/_rels/workbook.xml.rels
10:18:16.895 [main] DEBUG org.apache.poi.openxml4j.opc.PackageRelationshipCollection - Parsing relationship: /_rels/.rels
10:18:16.920 [main] DEBUG org.apache.poi.openxml4j.opc.ZipPackage - Save content types part
10:18:16.921 [main] DEBUG org.apache.poi.openxml4j.opc.ZipPackage - Save package relationships
10:18:16.922 [main] DEBUG org.apache.poi.openxml4j.opc.ZipPackage - Save part 'docProps/app.xml'
10:18:16.923 [main] DEBUG org.apache.poi.openxml4j.opc.ZipPackage - Save part 'docProps/core.xml'
10:18:16.925 [main] DEBUG org.apache.poi.openxml4j.opc.ZipPackage - Save part 'xl/sharedStrings.xml'
10:18:16.926 [main] DEBUG org.apache.poi.openxml4j.opc.ZipPackage - Save part 'xl/styles.xml'
10:18:16.926 [main] DEBUG org.apache.poi.openxml4j.opc.ZipPackage - Save part 'xl/theme/theme1.xml'
10:18:16.926 [main] DEBUG org.apache.poi.openxml4j.opc.ZipPackage - Save part 'xl/workbook.xml'
10:18:16.928 [main] DEBUG org.apache.poi.openxml4j.opc.ZipPackage - Save part 'xl/worksheets/sheet1.xml'
10:18:16.929 [main] INFO  testCases.TC_004_VerifyingFourthNews - Closing the Browser
10:18:21.340 [main] INFO  testCases.TC_005_VerifyingFifthNews - Launching the Browser
10:18:27.916 [main] INFO  testCases.TC_005_VerifyingFifthNews - Starting the Test Case
10:18:35.922 [main] INFO  testCases.TC_005_VerifyingFifthNews - Clicking on USer Info Icon
10:18:36.696 [main] INFO  testCases.TC_005_VerifyingFifthNews - Printing the Info To Console
10:18:36.696 [main] INFO  testCases.TC_005_VerifyingFifthNews - Finishing the Test Case
10:18:36.697 [main] INFO  testCases.TC_005_VerifyingFifthNews - Starting the Test Case
10:18:36.697 [main] INFO  testCases.TC_005_VerifyingFifthNews - Validating the News
10:18:36.726 [main] INFO  testCases.TC_005_VerifyingFifthNews - Finishing the Test Case
10:18:36.727 [main] INFO  testCases.TC_005_VerifyingFifthNews - Starting the Test Case
10:18:37.304 [main] INFO  testCases.TC_005_VerifyingFifthNews - Validating the TipTop
10:18:37.304 [main] INFO  testCases.TC_005_VerifyingFifthNews - Finishing the Test Case
10:18:37.305 [main] INFO  testCases.TC_005_VerifyingFifthNews - Starting the Test Case
10:18:37.453 [main] INFO  testCases.TC_005_VerifyingFifthNews - Clicking on News
10:18:43.656 [main] INFO  testCases.TC_005_VerifyingFifthNews - Printing the Info To Console
10:18:43.722 [main] INFO  testCases.TC_005_VerifyingFifthNews - Finishing the Test Case
10:18:43.725 [main] INFO  testCases.TC_005_VerifyingFifthNews - Starting the Test Case
10:18:43.725 [main] INFO  testCases.TC_005_VerifyingFifthNews - Clicking on Share Button
10:18:44.228 [main] INFO  testCases.TC_005_VerifyingFifthNews - Printing the Info To Console
10:18:44.349 [main] INFO  testCases.TC_005_VerifyingFifthNews - Finishing the Test Case
10:18:44.352 [main] INFO  testCases.TC_005_VerifyingFifthNews - Starting the Test Case
10:18:49.399 [main] INFO  testCases.TC_005_VerifyingFifthNews - Validating the Views & Likes
10:18:49.535 [main] INFO  testCases.TC_005_VerifyingFifthNews - Finishing the Test Case
10:18:49.537 [main] INFO  testCases.TC_005_VerifyingFifthNews - Starting the Test Case
10:18:49.580 [main] INFO  testCases.TC_005_VerifyingFifthNews - Validating the Links
10:18:49.642 [main] INFO  testCases.TC_005_VerifyingFifthNews - Finishing the Test Case
10:18:49.645 [main] INFO  testCases.TC_005_VerifyingFifthNews - Closing the Browser
12:00:07.151 [main] INFO  testCases.TC_001_VerifyingFirstNews - Launching the Browser
12:00:17.395 [main] INFO  testCases.TC_001_VerifyingFirstNews - Starting the Test Case
12:00:25.403 [main] INFO  testCases.TC_001_VerifyingFirstNews - Clicking on User Info Icon
